<?xml version="1.0" encoding="UTF-8"?>
<ns2:test-suite xmlns:ns2="urn:model.allure.qatools.yandex.ru" start="1491319470033" stop="1491319511908">
	<name>Sanity Test Cases - Login Required</name>
	<title>Sanity Test Cases - Login Required</title>
	<test-cases>
		<test-case start="1491319470033" stop="1491319497980" status="passed">
			<name>Login Test Case </name>
			<title>Login Test Case </title>
			<description></description>
			<labels>
			</labels>
			<parameters>
				<parameter kind="environment-variable" name="User Type :: " value="NONSASB"/>
				<parameter kind="environment-variable" name="Environment :: " value="production"/>
				<parameter kind="environment-variable" name="URL :: " value="https://www.gametwist.com/"/>
			</parameters>
			<steps>
				<step start="1491319481099" stop="1491319481100" status="passed">
					<name>scr1</name>
					<title>scr1</title>
					<attachments>
					</attachments>
					<steps>
					</steps>
				</step>
				<step start="1491319481102" stop="1491319481102" status="passed">
					<name>scr2</name>
					<title>scr2</title>
					<attachments>
					</attachments>
					<steps>
					</steps>
				</step>
				<step start="1491319481103" stop="1491319481103" status="passed">
					<name>scr3</name>
					<title>scr3</title>
					<attachments>
					</attachments>
					<steps>
					</steps>
				</step>
				<step start="1491319481104" stop="1491319481104" status="passed">
					<name>scr4</name>
					<title>scr4</title>
					<attachments>
					</attachments>
					<steps>
					</steps>
				</step>
			</steps>
			<attachments>
				<attachment title="scr1" source="ee91b7d4-0c7f-4e27-a846-19ff3891a184-attachment.png" type="image/png" size="753712"/>
				<attachment title="scr2" source="cb4f023d-7dc3-4b01-80e1-8be0a1657be6-attachment.png" type="image/png" size="960216"/>
				<attachment title="scr3" source="1328027f-9604-461b-be6d-45d166ca4d6b-attachment.png" type="image/png" size="956277"/>
				<attachment title="scr4" source="9d252346-c3d0-4c82-b044-f7d422b33bc2-attachment.png" type="image/png" size="958361"/>
			</attachments>
		</test-case>
		<test-case start="1491319497981" stop="1491319511906" status="failed">
			<name>Login Test Case Bingo </name>
			<title>Login Test Case Bingo </title>
			<description></description>
			<labels>
			</labels>
			<parameters>
				<parameter kind="environment-variable" name="User Type :: " value="NONSASB"/>
				<parameter kind="environment-variable" name="Environment :: " value="production"/>
				<parameter kind="environment-variable" name="URL :: " value="https://www.gametwist.com/"/>
			</parameters>
			<steps>
				<step start="1491319511904" stop="1491319511904" status="passed">
					<name>Bingo found Successfully</name>
					<title>Bingo found Successfully</title>
					<attachments>
					</attachments>
					<steps>
					</steps>
				</step>
			</steps>
			<attachments>
			</attachments>
			<failure>
				<message>Failed: element not visible
  (Session info: chrome=57.0.2987.110)
  (Driver info: chromedriver=2.26.436382 (70eb799287ce4c2208441fc057053a5b07ceabac),platform=Linux 4.4.0-71-generic x86_64) (WARNING: The server did not provide any stacktrace information)
Command duration or timeout: 29 milliseconds
Build info: version: &apos;2.53.1&apos;, revision: &apos;a36b8b1&apos;, time: &apos;2016-06-30 17:37:03&apos;
System info: host: &apos;N/A&apos;, ip: &apos;N/A&apos;, os.name: &apos;Linux&apos;, os.arch: &apos;amd64&apos;, os.version: &apos;4.4.0-71-generic&apos;, java.version: &apos;1.8.0_121&apos;
Driver info: org.openqa.selenium.chrome.ChromeDriver
Capabilities [{applicationCacheEnabled=false, rotatable=false, mobileEmulationEnabled=false, networkConnectionEnabled=false, chrome={chromedriverVersion=2.26.436382 (70eb799287ce4c2208441fc057053a5b07ceabac), userDataDir=/tmp/.org.chromium.Chromium.jlhapt}, takesHeapSnapshot=true, pageLoadStrategy=normal, databaseEnabled=false, handlesAlerts=true, hasTouchScreen=false, version=57.0.2987.110, platform=LINUX, browserConnectionEnabled=false, nativeEvents=true, acceptSslCerts=true, locationContextEnabled=true, webStorageEnabled=true, browserName=chrome, takesScreenshot=true, javascriptEnabled=true, cssSelectorsEnabled=true, unexpectedAlertBehaviour=}]
Session ID: 1450bd0ec2cbbab706dc5b7b3c9c82ba</message>
				<stack-trace>ElementNotVisibleError: element not visible
  (Session info: chrome=57.0.2987.110)
  (Driver info: chromedriver=2.26.436382 (70eb799287ce4c2208441fc057053a5b07ceabac),platform=Linux 4.4.0-71-generic x86_64) (WARNING: The server did not provide any stacktrace information)
Command duration or timeout: 29 milliseconds
Build info: version: &apos;2.53.1&apos;, revision: &apos;a36b8b1&apos;, time: &apos;2016-06-30 17:37:03&apos;
System info: host: &apos;N/A&apos;, ip: &apos;N/A&apos;, os.name: &apos;Linux&apos;, os.arch: &apos;amd64&apos;, os.version: &apos;4.4.0-71-generic&apos;, java.version: &apos;1.8.0_121&apos;
Driver info: org.openqa.selenium.chrome.ChromeDriver
Capabilities [{applicationCacheEnabled=false, rotatable=false, mobileEmulationEnabled=false, networkConnectionEnabled=false, chrome={chromedriverVersion=2.26.436382 (70eb799287ce4c2208441fc057053a5b07ceabac), userDataDir=/tmp/.org.chromium.Chromium.jlhapt}, takesHeapSnapshot=true, pageLoadStrategy=normal, databaseEnabled=false, handlesAlerts=true, hasTouchScreen=false, version=57.0.2987.110, platform=LINUX, browserConnectionEnabled=false, nativeEvents=true, acceptSslCerts=true, locationContextEnabled=true, webStorageEnabled=true, browserName=chrome, takesScreenshot=true, javascriptEnabled=true, cssSelectorsEnabled=true, unexpectedAlertBehaviour=}]
Session ID: 1450bd0ec2cbbab706dc5b7b3c9c82ba
    at WebDriverError (/home/ttn/WebstormProjects/GT/node_modules/selenium-webdriver/lib/error.js:27:5)
    at ElementNotVisibleError (/home/ttn/WebstormProjects/GT/node_modules/selenium-webdriver/lib/error.js:76:5)
    at Object.checkLegacyResponse (/home/ttn/WebstormProjects/GT/node_modules/selenium-webdriver/lib/error.js:639:15)
    at parseHttpResponse (/home/ttn/WebstormProjects/GT/node_modules/selenium-webdriver/http/index.js:538:13)
    at client_.send.then.response (/home/ttn/WebstormProjects/GT/node_modules/selenium-webdriver/http/index.js:472:11)
    at ManagedPromise.invokeCallback_ (/home/ttn/WebstormProjects/GT/node_modules/selenium-webdriver/lib/promise.js:1379:14)
    at TaskQueue.execute_ (/home/ttn/WebstormProjects/GT/node_modules/selenium-webdriver/lib/promise.js:2913:14)
    at TaskQueue.executeNext_ (/home/ttn/WebstormProjects/GT/node_modules/selenium-webdriver/lib/promise.js:2896:21)
    at asyncRun (/home/ttn/WebstormProjects/GT/node_modules/selenium-webdriver/lib/promise.js:2820:25)
    at /home/ttn/WebstormProjects/GT/node_modules/selenium-webdriver/lib/promise.js:639:7
    at process._tickCallback (internal/process/next_tick.js:109:7)
From: Task: WebElement.click()
    at WebDriver.schedule (/home/ttn/WebstormProjects/GT/node_modules/selenium-webdriver/lib/webdriver.js:377:17)
    at WebElement.schedule_ (/home/ttn/WebstormProjects/GT/node_modules/selenium-webdriver/lib/webdriver.js:1744:25)
    at WebElement.click (/home/ttn/WebstormProjects/GT/node_modules/selenium-webdriver/lib/webdriver.js:1845:17)
    at actionFn (/home/ttn/WebstormProjects/GT/node_modules/protractor/built/element.js:101:44)
    at Array.map (native)
    at /home/ttn/WebstormProjects/GT/node_modules/protractor/built/element.js:463:80
    at ManagedPromise.invokeCallback_ (/home/ttn/WebstormProjects/GT/node_modules/selenium-webdriver/lib/promise.js:1379:14)
    at TaskQueue.execute_ (/home/ttn/WebstormProjects/GT/node_modules/selenium-webdriver/lib/promise.js:2913:14)
    at TaskQueue.executeNext_ (/home/ttn/WebstormProjects/GT/node_modules/selenium-webdriver/lib/promise.js:2896:21)
    at asyncRun (/home/ttn/WebstormProjects/GT/node_modules/selenium-webdriver/lib/promise.js:2775:27)
    at /home/ttn/WebstormProjects/GT/node_modules/selenium-webdriver/lib/promise.js:639:7
    at process._tickCallback (internal/process/next_tick.js:109:7)Error
    at ElementArrayFinder.applyAction_ (/home/ttn/WebstormProjects/GT/node_modules/protractor/built/element.js:461:27)
    at ElementArrayFinder._this.(anonymous function) [as click] (/home/ttn/WebstormProjects/GT/node_modules/protractor/built/element.js:103:30)
    at ElementFinder.(anonymous function) [as click] (/home/ttn/WebstormProjects/GT/node_modules/protractor/built/element.js:829:22)
    at Object.&lt;anonymous&gt; (/home/ttn/WebstormProjects/GT/specs/sanity_test_spec.js:37:45)
    at /home/ttn/WebstormProjects/GT/node_modules/jasminewd2/index.js:94:23
    at new ManagedPromise (/home/ttn/WebstormProjects/GT/node_modules/selenium-webdriver/lib/promise.js:1082:7)
    at controlFlowExecute (/home/ttn/WebstormProjects/GT/node_modules/jasminewd2/index.js:80:18)
    at TaskQueue.execute_ (/home/ttn/WebstormProjects/GT/node_modules/selenium-webdriver/lib/promise.js:2913:14)
    at TaskQueue.executeNext_ (/home/ttn/WebstormProjects/GT/node_modules/selenium-webdriver/lib/promise.js:2896:21)
    at asyncRun (/home/ttn/WebstormProjects/GT/node_modules/selenium-webdriver/lib/promise.js:2820:25)
    at /home/ttn/WebstormProjects/GT/node_modules/selenium-webdriver/lib/promise.js:639:7
From: Task: Run beforeEach in control flow
    at Object.&lt;anonymous&gt; (/home/ttn/WebstormProjects/GT/node_modules/jasminewd2/index.js:79:14)
    at attemptAsync (/home/ttn/WebstormProjects/GT/node_modules/jasmine-core/lib/jasmine-core/jasmine.js:1916:24)
    at QueueRunner.run (/home/ttn/WebstormProjects/GT/node_modules/jasmine-core/lib/jasmine-core/jasmine.js:1871:9)
    at QueueRunner.execute (/home/ttn/WebstormProjects/GT/node_modules/jasmine-core/lib/jasmine-core/jasmine.js:1859:10)
    at Spec.queueRunnerFactory (/home/ttn/WebstormProjects/GT/node_modules/jasmine-core/lib/jasmine-core/jasmine.js:697:35)
    at Spec.execute (/home/ttn/WebstormProjects/GT/node_modules/jasmine-core/lib/jasmine-core/jasmine.js:359:10)
    at Object.fn (/home/ttn/WebstormProjects/GT/node_modules/jasmine-core/lib/jasmine-core/jasmine.js:2479:37)
    at attemptAsync (/home/ttn/WebstormProjects/GT/node_modules/jasmine-core/lib/jasmine-core/jasmine.js:1916:24)
    at QueueRunner.run (/home/ttn/WebstormProjects/GT/node_modules/jasmine-core/lib/jasmine-core/jasmine.js:1871:9)
    at /home/ttn/WebstormProjects/GT/node_modules/jasmine-core/lib/jasmine-core/jasmine.js:1898:16
    at /home/ttn/WebstormProjects/GT/node_modules/jasmine-core/lib/jasmine-core/jasmine.js:1842:9
    at complete (/home/ttn/WebstormProjects/GT/node_modules/jasmine-core/lib/jasmine-core/jasmine.js:371:9)
    at QueueRunner.clearStack (/home/ttn/WebstormProjects/GT/node_modules/jasmine-core/lib/jasmine-core/jasmine.js:660:9)
    at QueueRunner.run (/home/ttn/WebstormProjects/GT/node_modules/jasmine-core/lib/jasmine-core/jasmine.js:1881:12)
    at /home/ttn/WebstormProjects/GT/node_modules/jasmine-core/lib/jasmine-core/jasmine.js:1898:16
    at /home/ttn/WebstormProjects/GT/node_modules/jasmine-core/lib/jasmine-core/jasmine.js:1842:9
    at /home/ttn/WebstormProjects/GT/node_modules/jasminewd2/index.js:16:5
    at ManagedPromise.invokeCallback_ (/home/ttn/WebstormProjects/GT/node_modules/selenium-webdriver/lib/promise.js:1379:14)
    at TaskQueue.execute_ (/home/ttn/WebstormProjects/GT/node_modules/selenium-webdriver/lib/promise.js:2913:14)
    at TaskQueue.executeNext_ (/home/ttn/WebstormProjects/GT/node_modules/selenium-webdriver/lib/promise.js:2896:21)
    at asyncRun (/home/ttn/WebstormProjects/GT/node_modules/selenium-webdriver/lib/promise.js:2775:27)
    at /home/ttn/WebstormProjects/GT/node_modules/selenium-webdriver/lib/promise.js:639:7
From asynchronous test: 
Error
    at Suite.&lt;anonymous&gt; (/home/ttn/WebstormProjects/GT/specs/sanity_test_spec.js:33:9)
    at addSpecsToSuite (/home/ttn/WebstormProjects/GT/node_modules/jasmine-core/lib/jasmine-core/jasmine.js:833:25)
    at Env.describe (/home/ttn/WebstormProjects/GT/node_modules/jasmine-core/lib/jasmine-core/jasmine.js:802:7)
    at describe (/home/ttn/WebstormProjects/GT/node_modules/jasmine-core/lib/jasmine-core/jasmine.js:3375:18)
    at Suite.&lt;anonymous&gt; (/home/ttn/WebstormProjects/GT/specs/sanity_test_spec.js:31:5)
    at addSpecsToSuite (/home/ttn/WebstormProjects/GT/node_modules/jasmine-core/lib/jasmine-core/jasmine.js:833:25)
    at Env.describe (/home/ttn/WebstormProjects/GT/node_modules/jasmine-core/lib/jasmine-core/jasmine.js:802:7)
    at describe (/home/ttn/WebstormProjects/GT/node_modules/jasmine-core/lib/jasmine-core/jasmine.js:3375:18)
    at Object.&lt;anonymous&gt; (/home/ttn/WebstormProjects/GT/specs/sanity_test_spec.js:29:1)
    at Module._compile (module.js:570:32)
    at Object.Module._extensions..js (module.js:579:10)
    at Module.load (/home/ttn/WebstormProjects/GT/node_modules/coffee-script/lib/coffee-script/register.js:45:36)
    at tryModuleLoad (module.js:446:12)
    at Function.Module._load (module.js:438:3)
    at Module.require (module.js:497:17)
    at require (internal/module.js:20:19)
    at /home/ttn/WebstormProjects/GT/node_modules/jasmine/lib/jasmine.js:71:5
    at Array.forEach (native)
    at Jasmine.loadSpecs (/home/ttn/WebstormProjects/GT/node_modules/jasmine/lib/jasmine.js:70:18)
    at Jasmine.execute (/home/ttn/WebstormProjects/GT/node_modules/jasmine/lib/jasmine.js:154:8)
    at /home/ttn/WebstormProjects/GT/node_modules/protractor/built/frameworks/jasmine.js:129:15
    at Function.promise (/home/ttn/WebstormProjects/GT/node_modules/q/q.js:682:9)
    at /home/ttn/WebstormProjects/GT/node_modules/protractor/built/frameworks/jasmine.js:101:14
    at _fulfilled (/home/ttn/WebstormProjects/GT/node_modules/q/q.js:834:54)
    at self.promiseDispatch.done (/home/ttn/WebstormProjects/GT/node_modules/q/q.js:863:30)
    at Promise.promise.promiseDispatch (/home/ttn/WebstormProjects/GT/node_modules/q/q.js:796:13)
    at /home/ttn/WebstormProjects/GT/node_modules/q/q.js:556:49
    at runSingle (/home/ttn/WebstormProjects/GT/node_modules/q/q.js:137:13)
    at flush (/home/ttn/WebstormProjects/GT/node_modules/q/q.js:125:13)
    at _combinedTickCallback (internal/process/next_tick.js:73:7)
    at process._tickCallback (internal/process/next_tick.js:104:9)</stack-trace>
			</failure>
		</test-case>
		<test-case start="1491319511906" stop="1491319511907" status="pending">
			<name>Login Test Case Poker</name>
			<title>Login Test Case Poker</title>
			<description></description>
			<labels>
			</labels>
			<parameters>
			</parameters>
			<steps>
			</steps>
			<attachments>
			</attachments>
			<failure>
				<message>This test has not been implemented yet</message>
				<stack-trace></stack-trace>
			</failure>
		</test-case>
		<test-case start="1491319511907" stop="1491319511907" status="pending">
			<name>Login Test Case Casino</name>
			<title>Login Test Case Casino</title>
			<description></description>
			<labels>
			</labels>
			<parameters>
			</parameters>
			<steps>
			</steps>
			<attachments>
			</attachments>
			<failure>
				<message>This test has not been implemented yet</message>
				<stack-trace></stack-trace>
			</failure>
		</test-case>
	</test-cases>
</ns2:test-suite>